<?xml version="1.0" encoding="UTF-8"?>
<!-- Generated by org.testng.reporters.JUnitXMLReporter -->
<testsuite hostname="DESKTOP-IK5TT1R" ignored="2" name="Test" tests="4" failures="0" timestamp="2020-02-24T19:23:33 IST" time="0.155" errors="0">
  <testcase name="@BeforeTest browsers" time="-1.582552412888E9" classname="com.crm.GenericLib.BaseTest">
    <failure type="org.testng.TestNGException" message="
Parameter &amp;apos;browser&amp;apos; is required by BeforeTest on method browsers but has not been marked @Optional or defined
in C:\Users\Albin K Babu\git\TestProject\TestProjec\Testone.xml">
      <![CDATA[org.testng.TestNGException: 
Parameter 'browser' is required by BeforeTest on method browsers but has not been marked @Optional or defined
in C:\Users\Albin K Babu\git\TestProject\TestProjec\Testone.xml
... Removed 21 stack frames]]>
    </failure>
  </testcase> <!-- @BeforeTest browsers -->
  <testcase name="meth" time="0.0" classname="com.crm.TestScript.Testone">
    <skipped/>
  </testcase> <!-- meth -->
  <testcase name="meth0" time="0.0" classname="com.crm.TestScript.Testtwo">
    <skipped/>
  </testcase> <!-- meth0 -->
  <testcase name="meth1" time="0.0" classname="com.crm.TestScript.Testtwo">
    <skipped/>
  </testcase> <!-- meth1 -->
  <testcase name="loginTest" time="0.0" classname="com.crm.TestMeths.LoginTestScripts">
    <skipped/>
  </testcase> <!-- loginTest -->
  <testcase name="@BeforeTest browsers" time="0.0" classname="com.crm.GenericLib.BaseTest">
    <ignored/>
  </testcase> <!-- @BeforeTest browsers -->
  <testcase name="@BeforeTest browsers" time="0.0" classname="com.crm.GenericLib.BaseTest">
    <ignored/>
  </testcase> <!-- @BeforeTest browsers -->
</testsuite> <!-- Test -->
